2023-02-23 16:44:52  [ restartedMain:0 ] - [ DEBUG ]  {conn-10001,procId-40} connected
2023-02-23 16:45:01  [ restartedMain:8563 ] - [ DEBUG ]  {conn-10001} pool-connect
2023-02-23 16:45:01  [ restartedMain:8855 ] - [ DEBUG ]  {conn-10001, pstmt-20000} created. SELECT
        menuId,
        menuName,
        moduleInfo,
        pathInfo,
        GROUP_CONCAT(E.roleIds) AS roleIds
    FROM (
        SELECT
          B.menu_id AS menuId,
          A.NAME AS menuName,
          A.module_info AS moduleInfo,
          A.path_info AS pathInfo,
          B.role_id AS roleIds
        FROM
          sys_menu A,
          sys_role_menu B
        WHERE
          A.id = B.menu_id
        AND A.del_flag = 1
        AND B.del_flag = 1
        UNION
        SELECT
          C.id AS menuId,
          C.name AS menuName,
          C.module_info AS moduleInfo,
          C.path_info AS pathInfo,
          CONCAT('org_',D.org_id) AS roleIds
        FROM
          sys_menu C,
          sys_org_menu D
        WHERE
          C.id = D.menu_id
        AND C.del_flag = 1
        AND D.del_flag = 1
    ) E
    WHERE E.pathInfo IS NOT NULL
    GROUP BY E.pathInfo
2023-02-23 16:45:01  [ restartedMain:8869 ] - [ DEBUG ]  {conn-10001, pstmt-20000} Parameters : []
2023-02-23 16:45:01  [ restartedMain:8870 ] - [ DEBUG ]  {conn-10001, pstmt-20000} Types : []
2023-02-23 16:45:01  [ restartedMain:8894 ] - [ DEBUG ]  {conn-10001, pstmt-20000} executed. 26.451875 millis. SELECT
        menuId,
        menuName,
        moduleInfo,
        pathInfo,
        GROUP_CONCAT(E.roleIds) AS roleIds
    FROM (
        SELECT
          B.menu_id AS menuId,
          A.NAME AS menuName,
          A.module_info AS moduleInfo,
          A.path_info AS pathInfo,
          B.role_id AS roleIds
        FROM
          sys_menu A,
          sys_role_menu B
        WHERE
          A.id = B.menu_id
        AND A.del_flag = 1
        AND B.del_flag = 1
        UNION
        SELECT
          C.id AS menuId,
          C.name AS menuName,
          C.module_info AS moduleInfo,
          C.path_info AS pathInfo,
          CONCAT('org_',D.org_id) AS roleIds
        FROM
          sys_menu C,
          sys_org_menu D
        WHERE
          C.id = D.menu_id
        AND C.del_flag = 1
        AND D.del_flag = 1
    ) E
    WHERE E.pathInfo IS NOT NULL
    GROUP BY E.pathInfo
2023-02-23 16:45:01  [ restartedMain:8897 ] - [ DEBUG ]  {conn-10001, pstmt-20000, rs-50000} open
2023-02-23 16:45:01  [ restartedMain:8899 ] - [ DEBUG ]  {conn-10001, pstmt-20000, rs-50000} Header: [menuId, menuName, moduleInfo, pathInfo, roleIds]
2023-02-23 16:45:01  [ restartedMain:8912 ] - [ DEBUG ]  {conn-10001, pstmt-20000, rs-50000} Result: [83c5e69c4a128bd25346ff5abfb4a325, 产业管理, , , 0f39a35858ab305fde291f437fccdecd,0f39a35858ab305fde291f437fccdecd,0f39a35858ab305fde291f437fccdecd,0f39a35858ab305fde291f437fccdecd,7,0f39a35858ab305fde291f437fccdecd,0f39a35858ab305fde291f437fccdecd]
2023-02-23 16:45:01  [ restartedMain:8922 ] - [ DEBUG ]  {conn-10001, pstmt-20000, rs-50000} Result: [723dc2fdcb4090722c435d2eadeb29f7, 贴文添加, /pie-zst-service/, /busForum/app/addOrUpdate, 0f39a35858ab305fde291f437fccdecd]
2023-02-23 16:45:01  [ restartedMain:8923 ] - [ DEBUG ]  {conn-10001, pstmt-20000, rs-50000} Result: [8b47a152cf855a79e438a1a8094d6708, 产业列表, /pie-zst-service/, /busIndustry/web/asyncListTree, 0f39a35858ab305fde291f437fccdecd]
2023-02-23 16:45:01  [ restartedMain:8924 ] - [ DEBUG ]  {conn-10001, pstmt-20000, rs-50000} Result: [56ea388caa8a709b7d929a2c9d8a519e, 产业树, /pie-zst-service/, /busIndustry/web/listTree, 0f39a35858ab305fde291f437fccdecd]
2023-02-23 16:45:01  [ restartedMain:8925 ] - [ DEBUG ]  {conn-10001, pstmt-20000, rs-50000} Result: [eca3af9abb38ca246cc9e072af9a5325, 工作协同, /pie-zst-service/, /busWorkTogether/findWorkTogether, 0f39a35858ab305fde291f437fccdecd]
2023-02-23 16:45:01  [ restartedMain:8925 ] - [ DEBUG ]  {conn-10001, pstmt-20000, rs-50000} Result: [c4eb5c74251da845c3c4f36d431fd4b5, 移动端云盘查询, /pie-zst-service/, /cloudDisk/app/**, 0f39a35858ab305fde291f437fccdecd]
2023-02-23 16:45:01  [ restartedMain:8925 ] - [ DEBUG ]  {conn-10001, pstmt-20000, rs-50000} Result: [fa321ba75d28671ad83ef97d8976cbd2, 产业修改, /pie-zst-service/, /industry/web/addOrUpdate, 0f39a35858ab305fde291f437fccdecd,0f39a35858ab305fde291f437fccdecd]
2023-02-23 16:45:01  [ restartedMain:8926 ] - [ DEBUG ]  {conn-10001, pstmt-20000, rs-50000} Result: [a4cd3deda569989a0355938a1a4661f0, 行业删除, /pie-zst-service/, /industry/web/delete, 0f39a35858ab305fde291f437fccdecd]
2023-02-23 16:45:01  [ restartedMain:8929 ] - [ DEBUG ]  {conn-10001, pstmt-20000, rs-50000} Result: [2c1a1f3ad237b0ef489851740e667d4b, 行业添加, /pie-zst-service/, /trade/web/addOrUpdate, 0f39a35858ab305fde291f437fccdecd,0f39a35858ab305fde291f437fccdecd]
2023-02-23 16:45:01  [ restartedMain:8930 ] - [ DEBUG ]  {conn-10001, pstmt-20000, rs-50000} Result: [1d62dd056d9ffce195af56d1a621a835, 行业删除, /pie-zst-service/, /trade/web/delete, 0f39a35858ab305fde291f437fccdecd]
2023-02-23 16:45:01  [ restartedMain:8930 ] - [ DEBUG ]  {conn-10001, pstmt-20000, rs-50000} Result: [9fcdbeea438b8de4816c1abdf700b831, 云盘数据权限, /pie-zst-service/, busCloudDlisk/**, 7,0f39a35858ab305fde291f437fccdecd]
2023-02-23 16:45:01  [ restartedMain:8931 ] - [ DEBUG ]  {conn-10001, pstmt-20000, rs-50000} Result: [f0b9e5150bb58d9b0355af4699007611, 删除贴文, /pie-zst-service/, busForum/app/delete/*, 0f39a35858ab305fde291f437fccdecd]
2023-02-23 16:45:01  [ restartedMain:8932 ] - [ DEBUG ]  {conn-10001, pstmt-20000, rs-50000} Result: [4afdaa46c85e10ded8ea06dfa78867a3, 列表查询, /pie-zst-service/, busForum/app/findPage, 0f39a35858ab305fde291f437fccdecd]
2023-02-23 16:45:01  [ restartedMain:8933 ] - [ DEBUG ]  {conn-10001, pstmt-20000, rs-50000} Result: [fcd4a718bd16471dd590c8b0746d16d5, 条目统计查询, /pie-zst-service/, busForum/app/getCountItemInfo/*, 0f39a35858ab305fde291f437fccdecd]
2023-02-23 16:45:01  [ restartedMain:8935 ] - [ DEBUG ]  {conn-10001, pstmt-20000, rs-50000} Result: [bab1f8996351e8a33d95d6549c2212af, 评论查询, /pie-zst-service/, busForumReply/app/findPage, 0f39a35858ab305fde291f437fccdecd]
2023-02-23 16:45:01  [ restartedMain:8936 ] - [ DEBUG ]  {conn-10001, pstmt-20000, rs-50000} Result: [790bcacb6e6ece3a2904eb95d7da7065, 产业详情, /pie-zst-service/, busIndustry/web/get/**, 0f39a35858ab305fde291f437fccdecd]
2023-02-23 16:45:01  [ restartedMain:8939 ] - [ DEBUG ]  {conn-10001, pstmt-20000, rs-50000} Result: [0c11a0367376a673ed7b758e49d9363b, 活动结论, /pie-zst-service/, busWorkConclusion/**, 0f39a35858ab305fde291f437fccdecd]
2023-02-23 16:45:01  [ restartedMain:8940 ] - [ DEBUG ]  {conn-10001, pstmt-20000, rs-50000} Result: [50d083a6a60fc8ee498346ab04a878cf, 工作协同座谈, /pie-zst-service/, busWorkDiscussion/**, 0f39a35858ab305fde291f437fccdecd,0f39a35858ab305fde291f437fccdecd]
2023-02-23 16:45:01  [ restartedMain:8940 ] - [ DEBUG ]  {conn-10001, pstmt-20000, rs-50000} Result: [00568dae7823fa6db1697afd762bbd96, 外出方案, /pie-zst-service/, busWorkPlan/**, 0f39a35858ab305fde291f437fccdecd]
2023-02-23 16:45:01  [ restartedMain:8941 ] - [ DEBUG ]  {conn-10001, pstmt-20000, rs-50000} Result: [8aeab3fd570ec5144ac2f66232d94b27, 外出准备信息, /pie-zst-service/, busWorkPrepare/**, 0f39a35858ab305fde291f437fccdecd,0f39a35858ab305fde291f437fccdecd]
2023-02-23 16:45:01  [ restartedMain:8941 ] - [ DEBUG ]  {conn-10001, pstmt-20000, rs-50000} Result: [ddeb319f93b38355ed639809d959e66f, 查看, /pie-zst-service/, busWorkTogether/**, 0f39a35858ab305fde291f437fccdecd]
2023-02-23 16:45:01  [ restartedMain:8941 ] - [ DEBUG ]  {conn-10001, pstmt-20000, rs-50000} Result: [27, 删除, /pie-admin/, dept/delete, org_d8c592f280c353e3ec14fe3fd433c2ad,org_2,org_3535b49ec884a1d971292619601ac000]
2023-02-23 16:45:01  [ restartedMain:8941 ] - [ DEBUG ]  {conn-10001, pstmt-20000, rs-50000} Result: [dee438b4db5d9f8602bd3061ca1d3672, 异步加载部门树, /pie-admin/, dept/findTree/*, org_d8c592f280c353e3ec14fe3fd433c2ad]
2023-02-23 16:45:01  [ restartedMain:8942 ] - [ DEBUG ]  {conn-10001, pstmt-20000, rs-50000} Result: [75, 查询部门树, /pie-admin/, dept/findTree/**, 10,7,org_d8c592f280c353e3ec14fe3fd433c2ad,org_3535b49ec884a1d971292619601ac000]
2023-02-23 16:45:01  [ restartedMain:8942 ] - [ DEBUG ]  {conn-10001, pstmt-20000, rs-50000} Result: [ab2a107948bca74a5e5c2c67c272f73a, 查询部门角色, /pie-admin/, dept/getDeptRoles/*, org_d8c592f280c353e3ec14fe3fd433c2ad]
2023-02-23 16:45:01  [ restartedMain:8942 ] - [ DEBUG ]  {conn-10001, pstmt-20000, rs-50000} Result: [12, 新增, /pie-admin/, dept/save, org_2,org_2,org_d8c592f280c353e3ec14fe3fd433c2ad,org_d8c592f280c353e3ec14fe3fd433c2ad,org_3535b49ec884a1d971292619601ac000,org_3535b49ec884a1d971292619601ac000]
2023-02-23 16:45:01  [ restartedMain:8943 ] - [ DEBUG ]  {conn-10001, pstmt-20000, rs-50000} Result: [11, 查看, /pie-admin/, dept/view, org_2,org_3535b49ec884a1d971292619601ac000,org_d8c592f280c353e3ec14fe3fd433c2ad]
2023-02-23 16:45:01  [ restartedMain:8943 ] - [ DEBUG ]  {conn-10001, pstmt-20000, rs-50000} Result: [44, 文件下载, /pie-admin/, download, 10,7,org_d8c592f280c353e3ec14fe3fd433c2ad,org_2,org_3535b49ec884a1d971292619601ac000]
2023-02-23 16:45:01  [ restartedMain:8943 ] - [ DEBUG ]  {conn-10001, pstmt-20000, rs-50000} Result: [76, 日志查询, /pie-admin/, loginlog/findPage, 10,7,org_d8c592f280c353e3ec14fe3fd433c2ad,org_3535b49ec884a1d971292619601ac000]
2023-02-23 16:45:01  [ restartedMain:8944 ] - [ DEBUG ]  {conn-10001, pstmt-20000, rs-50000} Result: [b225efbf46b310b5101759a8dbfb03a6, 菜单资源树, /pie-admin/, menu/findMenuTree, 7,org_d8c592f280c353e3ec14fe3fd433c2ad]
2023-02-23 16:45:01  [ restartedMain:8944 ] - [ DEBUG ]  {conn-10001, pstmt-20000, rs-50000} Result: [74, 获取用户菜单, /pie-admin/, menu/findNavTree, 10,7,org_d8c592f280c353e3ec14fe3fd433c2ad,org_3535b49ec884a1d971292619601ac000]
2023-02-23 16:45:01  [ restartedMain:8945 ] - [ DEBUG ]  {conn-10001, pstmt-20000, rs-50000} Result: [28, 删除, /pie-admin/, role/delete/*, org_2,org_d8c592f280c353e3ec14fe3fd433c2ad,org_3535b49ec884a1d971292619601ac000]
2023-02-23 16:45:01  [ restartedMain:8945 ] - [ DEBUG ]  {conn-10001, pstmt-20000, rs-50000} Result: [79, 查询角色权限, /pie-admin/, role/findAll, 10,7,org_d8c592f280c353e3ec14fe3fd433c2ad,org_3535b49ec884a1d971292619601ac000]
2023-02-23 16:45:01  [ restartedMain:8945 ] - [ DEBUG ]  {conn-10001, pstmt-20000, rs-50000} Result: [c3e3b919569ad4c18871aa296657ef41, 分页, /pie-admin/, role/findPage, org_d8c592f280c353e3ec14fe3fd433c2ad]
2023-02-23 16:45:01  [ restartedMain:8945 ] - [ DEBUG ]  {conn-10001, pstmt-20000, rs-50000} Result: [f50c1103b9b8a760d2d68b5344ebb7a4, 查询角色菜单, /pie-admin/, role/findRoleMenus, org_d8c592f280c353e3ec14fe3fd433c2ad]
2023-02-23 16:45:01  [ restartedMain:8947 ] - [ DEBUG ]  {conn-10001, pstmt-20000, rs-50000} Result: [15, 新增, /pie-admin/, role/save, org_d8c592f280c353e3ec14fe3fd433c2ad,org_2,org_2,org_d8c592f280c353e3ec14fe3fd433c2ad,org_3535b49ec884a1d971292619601ac000,org_3535b49ec884a1d971292619601ac000]
2023-02-23 16:45:01  [ restartedMain:8948 ] - [ DEBUG ]  {conn-10001, pstmt-20000, rs-50000} Result: [c16a000da790263e47ecd4ac15d23c87, 保存角色菜单, /pie-admin/, role/saveRoleMenus, org_d8c592f280c353e3ec14fe3fd433c2ad]
2023-02-23 16:45:01  [ restartedMain:8951 ] - [ DEBUG ]  {conn-10001, pstmt-20000, rs-50000} Result: [43, 文件上传, /pie-admin/, upload, 10,7,org_d8c592f280c353e3ec14fe3fd433c2ad,org_2,org_3535b49ec884a1d971292619601ac000]
2023-02-23 16:45:01  [ restartedMain:8954 ] - [ DEBUG ]  {conn-10001, pstmt-20000, rs-50000} Result: [5bad209cf85e55598097865f5e4a8a83, 文件上传, /pie-file-upload-service/, upload/**, 0f39a35858ab305fde291f437fccdecd]
2023-02-23 16:45:01  [ restartedMain:8956 ] - [ DEBUG ]  {conn-10001, pstmt-20000, rs-50000} Result: [7a0c3c69e418ad680ca486551f3cfa49, 用户信息查询, /pie-admin/, user/app/**, 0f39a35858ab305fde291f437fccdecd]
2023-02-23 16:45:01  [ restartedMain:8956 ] - [ DEBUG ]  {conn-10001, pstmt-20000, rs-50000} Result: [26, 删除, /pie-admin/, user/delete, 10,org_2,org_d8c592f280c353e3ec14fe3fd433c2ad,org_3535b49ec884a1d971292619601ac000]
2023-02-23 16:45:01  [ restartedMain:8956 ] - [ DEBUG ]  {conn-10001, pstmt-20000, rs-50000} Result: [77, 通过名称查用户, /pie-admin/, user/findByName, 10,7,org_d8c592f280c353e3ec14fe3fd433c2ad,org_3535b49ec884a1d971292619601ac000]
2023-02-23 16:45:01  [ restartedMain:8956 ] - [ DEBUG ]  {conn-10001, pstmt-20000, rs-50000} Result: [78, 分页查询, /pie-admin/, user/findPage, 10,org_d8c592f280c353e3ec14fe3fd433c2ad,org_3535b49ec884a1d971292619601ac000]
2023-02-23 16:45:01  [ restartedMain:8956 ] - [ DEBUG ]  {conn-10001, pstmt-20000, rs-50000} Result: [71, 查询用户权限, /pie-admin/, user/findPermissions, 4,10,7,org_d8c592f280c353e3ec14fe3fd433c2ad,org_3535b49ec884a1d971292619601ac000]
2023-02-23 16:45:01  [ restartedMain:8958 ] - [ DEBUG ]  {conn-10001, pstmt-20000, rs-50000} Result: [70, 查询用户详情, /pie-admin/, user/info, 4,10,10,7,org_2,org_d8c592f280c353e3ec14fe3fd433c2ad,org_d8c592f280c353e3ec14fe3fd433c2ad,org_c59bd7efd6b36bf7faa2765ce448669c,org_3535b49ec884a1d971292619601ac000,org_3535b49ec884a1d971292619601ac000]
2023-02-23 16:45:01  [ restartedMain:8958 ] - [ DEBUG ]  {conn-10001, pstmt-20000, rs-50000} Result: [18, 新增, /pie-admin/, user/save, 10,10,org_2,org_2,org_d8c592f280c353e3ec14fe3fd433c2ad,org_d8c592f280c353e3ec14fe3fd433c2ad,org_c59bd7efd6b36bf7faa2765ce448669c,org_c59bd7efd6b36bf7faa2765ce448669c,org_3535b49ec884a1d971292619601ac000,org_3535b49ec884a1d971292619601ac000]
2023-02-23 16:45:01  [ restartedMain:8960 ] - [ DEBUG ]  {conn-10001, pstmt-20000, rs-50000} closed
2023-02-23 16:45:01  [ restartedMain:8962 ] - [ DEBUG ]  {conn-10001, pstmt-20000} clearParameters. 
2023-02-23 16:45:01  [ restartedMain:8965 ] - [ DEBUG ]  {conn-10001} pool-recycle
2023-02-23 16:46:14  [ restartedMain:0 ] - [ DEBUG ]  {conn-10001,procId-41} connected
